[    0.000000] Initializing cgroup subsys cpuset
[    0.000000] Initializing cgroup subsys cpu
[    0.000000] Initializing cgroup subsys cpuacct
[    0.000000] Linux version 4.4.0-116-generic (buildd@lgw01-amd64-021) (gcc version 5.4.0 20160609 (Ubuntu 5.4.0-6ubuntu1~16.04.9) ) #140-Ubuntu SMP Mon Feb 12 21:23:04 UTC 2018 (Ubuntu 4.4.0-116.140-generic 4.4.98)
[    0.000000] Command line: BOOT_IMAGE=/boot/vmlinuz-4.4.0-116-generic root=LABEL=cloudimg-rootfs ro console=tty1 console=ttyS0
[    0.000000] KERNEL supported cpus:
[    0.000000]   Intel GenuineIntel
[    0.000000]   AMD AuthenticAMD
[    0.000000]   Centaur CentaurHauls
[    0.000000] ------------[ cut here ]------------
[    0.000000] WARNING: CPU: 0 PID: 0 at /build/linux-fQ94TU/linux-4.4.0/arch/x86/kernel/fpu/xstate.c:517 fpu__init_system_xstate+0x38b/0x75a()
[    0.000000] XSAVE consistency problem, dumping leaves
[    0.000000] Modules linked in:
[    0.000000] CPU: 0 PID: 0 Comm: swapper Not tainted 4.4.0-116-generic #140-Ubuntu
[    0.000000]  0000000000000086 87c4035d98cb51dc ffffffff81e03d80 ffffffff813ffc13
[    0.000000]  ffffffff81e03dc8 ffffffff81caba68 ffffffff81e03db8 ffffffff810830f2
[    0.000000]  ffffffff81e03e48 ffffffff81e03e4c 0000000000000008 0000000000000100
[    0.000000] Call Trace:
[    0.000000]  [<ffffffff813ffc13>] dump_stack+0x63/0x90
[    0.000000]  [<ffffffff810830f2>] warn_slowpath_common+0x82/0xc0
[    0.000000]  [<ffffffff8108318c>] warn_slowpath_fmt+0x5c/0x80
[    0.000000]  [<ffffffff8107ed36>] ? xfeature_size+0x59/0x77
[    0.000000]  [<ffffffff81f72338>] fpu__init_system_xstate+0x38b/0x75a
[    0.000000]  [<ffffffff81f62120>] ? early_idt_handler_array+0x120/0x120
[    0.000000]  [<ffffffff81f71ca3>] fpu__init_system+0x10d/0x245
[    0.000000]  [<ffffffff81f72df1>] early_cpu_init+0x178/0x17d
[    0.000000]  [<ffffffff81f72df1>] ? early_cpu_init+0x178/0x17d
[    0.000000]  [<ffffffff81f6e1fb>] setup_arch+0xb4/0xd2b
[    0.000000]  [<ffffffff81f62120>] ? early_idt_handler_array+0x120/0x120
[    0.000000]  [<ffffffff81f62c7d>] start_kernel+0xe4/0x4b0
[    0.000000]  [<ffffffff81f62120>] ? early_idt_handler_array+0x120/0x120
[    0.000000]  [<ffffffff81f62339>] x86_64_start_reservations+0x2a/0x2c
[    0.000000]  [<ffffffff81f62485>] x86_64_start_kernel+0x14a/0x16d
[    0.000000] ---[ end trace 4d5ff9f2f68c4233 ]---
[    0.000000] CPUID[0d, 00]: eax=00000007 ebx=00000440 ecx=00000440 edx=00000000
[    0.000000] CPUID[0d, 01]: eax=00000000 ebx=000003c0 ecx=00000000 edx=00000000
[    0.000000] CPUID[0d, 02]: eax=00000100 ebx=00000240 ecx=00000000 edx=00000000
[    0.000000] CPUID[0d, 03]: eax=00000000 ebx=00000000 ecx=00000000 edx=00000000
[    0.000000] CPUID[0d, 04]: eax=00000000 ebx=00000000 ecx=00000000 edx=00000000
[    0.000000] CPUID[0d, 05]: eax=00000000 ebx=00000000 ecx=00000000 edx=00000000
[    0.000000] CPUID[0d, 06]: eax=00000000 ebx=00000000 ecx=00000000 edx=00000000
[    0.000000] CPUID[0d, 07]: eax=00000000 ebx=00000000 ecx=00000000 edx=00000000
[    0.000000] CPUID[0d, 08]: eax=00000000 ebx=00000000 ecx=00000000 edx=00000000
[    0.000000] CPUID[0d, 09]: eax=00000000 ebx=00000000 ecx=00000000 edx=00000000
[    0.000000] CPUID[0d, 0a]: eax=00000000 ebx=00000000 ecx=00000000 edx=00000000
[    0.000000] CPUID[0d, 0b]: eax=00000000 ebx=00000000 ecx=00000000 edx=00000000
[    0.000000] CPUID[0d, 0c]: eax=00000000 ebx=00000000 ecx=00000000 edx=00000000
[    0.000000] CPUID[0d, 0d]: eax=00000000 ebx=00000000 ecx=00000000 edx=00000000
[    0.000000] CPUID[0d, 0e]: eax=00000000 ebx=00000000 ecx=00000000 edx=00000000
[    0.000000] CPUID[0d, 0f]: eax=00000000 ebx=00000000 ecx=00000000 edx=00000000
[    0.000000] CPUID[0d, 10]: eax=00000000 ebx=00000000 ecx=00000000 edx=00000000
[    0.000000] CPUID[0d, 11]: eax=00000000 ebx=00000000 ecx=00000000 edx=00000000
[    0.000000] x86/fpu: xstate_offset[2]:  576, xstate_sizes[2]:  256
[    0.000000] x86/fpu: Supporting XSAVE feature 0x01: 'x87 floating point registers'
[    0.000000] x86/fpu: Supporting XSAVE feature 0x02: 'SSE registers'
[    0.000000] x86/fpu: Supporting XSAVE feature 0x04: 'AVX registers'
[    0.000000] x86/fpu: Enabled xstate features 0x7, context size is 1088 bytes, using 'standard' format.
[    0.000000] x86/fpu: Using 'lazy' FPU context switches.
[    0.000000] e820: BIOS-provided physical RAM map:
[    0.000000] BIOS-e820: [mem 0x0000000000000000-0x000000000009fbff] usable
[    0.000000] BIOS-e820: [mem 0x000000000009fc00-0x000000000009ffff] reserved
[    0.000000] BIOS-e820: [mem 0x00000000000f0000-0x00000000000fffff] reserved
[    0.000000] BIOS-e820: [mem 0x0000000000100000-0x000000003ffeffff] usable
[    0.000000] BIOS-e820: [mem 0x000000003fff0000-0x000000003fffffff] ACPI data
[    0.000000] BIOS-e820: [mem 0x00000000fec00000-0x00000000fec00fff] reserved
[    0.000000] BIOS-e820: [mem 0x00000000fee00000-0x00000000fee00fff] reserved
[    0.000000] BIOS-e820: [mem 0x00000000fffc0000-0x00000000ffffffff] reserved
[    0.000000] NX (Execute Disable) protection: active
[    0.000000] SMBIOS 2.5 present.
[    0.000000] Hypervisor detected: KVM
[    0.000000] e820: last_pfn = 0x3fff0 max_arch_pfn = 0x400000000
[    0.000000] MTRR: Disabled
[    0.000000] x86/PAT: MTRRs disabled, skipping PAT initialization too.
[    0.000000] CPU MTRRs all blank - virtualized system.
[    0.000000] x86/PAT: Configuration [0-7]: WB  WT  UC- UC  WB  WT  UC- UC  
[    0.000000] found SMP MP-table at [mem 0x0009fff0-0x0009ffff] mapped at [ffff88000009fff0]
[    0.000000] Scanning 1 areas for low memory corruption
[    0.000000] RAMDISK: [mem 0x36ac4000-0x37559fff]
[    0.000000] ACPI: Early table checksum verification disabled
[    0.000000] ACPI: RSDP 0x00000000000E0000 000024 (v02 VBOX  )
[    0.000000] ACPI: XSDT 0x000000003FFF0030 00003C (v01 VBOX   VBOXXSDT 00000001 ASL  00000061)
[    0.000000] ACPI: FACP 0x000000003FFF00F0 0000F4 (v04 VBOX   VBOXFACP 00000001 ASL  00000061)
[    0.000000] ACPI: DSDT 0x000000003FFF0470 0021C8 (v02 VBOX   VBOXBIOS 00000002 INTL 20100528)
[    0.000000] ACPI: FACS 0x000000003FFF0200 000040
[    0.000000] ACPI: FACS 0x000000003FFF0200 000040
[    0.000000] ACPI: APIC 0x000000003FFF0240 00005C (v02 VBOX   VBOXAPIC 00000001 ASL  00000061)
[    0.000000] ACPI: SSDT 0x000000003FFF02A0 0001CC (v01 VBOX   VBOXCPUT 00000002 INTL 20100528)
[    0.000000] No NUMA configuration found
[    0.000000] Faking a node at [mem 0x0000000000000000-0x000000003ffeffff]
[    0.000000] NODE_DATA(0) allocated [mem 0x3ffeb000-0x3ffeffff]
[    0.000000] kvm-clock: Using msrs 4b564d01 and 4b564d00
[    0.000000] kvm-clock: cpu 0, msr 0:3ffe3001, primary cpu clock
[    0.000000] kvm-clock: using sched offset of 3107730991 cycles
[    0.000000] clocksource: kvm-clock: mask: 0xffffffffffffffff max_cycles: 0x1cd42e4dffb, max_idle_ns: 881590591483 ns
[    0.000000] Zone ranges:
[    0.000000]   DMA      [mem 0x0000000000001000-0x0000000000ffffff]
[    0.000000]   DMA32    [mem 0x0000000001000000-0x000000003ffeffff]
[    0.000000]   Normal   empty
[    0.000000]   Device   empty
[    0.000000] Movable zone start for each node
[    0.000000] Early memory node ranges
[    0.000000]   node   0: [mem 0x0000000000001000-0x000000000009efff]
[    0.000000]   node   0: [mem 0x0000000000100000-0x000000003ffeffff]
[    0.000000] Initmem setup node 0 [mem 0x0000000000001000-0x000000003ffeffff]
[    0.000000] ACPI: PM-Timer IO Port: 0x4008
[    0.000000] IOAPIC[0]: apic_id 2, version 32, address 0xfec00000, GSI 0-23
[    0.000000] ACPI: INT_SRC_OVR (bus 0 bus_irq 0 global_irq 2 dfl dfl)
[    0.000000] ACPI: INT_SRC_OVR (bus 0 bus_irq 9 global_irq 9 high level)
[    0.000000] Using ACPI (MADT) for SMP configuration information
[    0.000000] smpboot: Allowing 2 CPUs, 0 hotplug CPUs
[    0.000000] PM: Registered nosave memory: [mem 0x00000000-0x00000fff]
[    0.000000] PM: Registered nosave memory: [mem 0x0009f000-0x0009ffff]
[    0.000000] PM: Registered nosave memory: [mem 0x000a0000-0x000effff]
[    0.000000] PM: Registered nosave memory: [mem 0x000f0000-0x000fffff]
[    0.000000] e820: [mem 0x40000000-0xfebfffff] available for PCI devices
[    0.000000] Booting paravirtualized kernel on KVM
[    0.000000] clocksource: refined-jiffies: mask: 0xffffffff max_cycles: 0xffffffff, max_idle_ns: 7645519600211568 ns
[    0.000000] setup_percpu: NR_CPUS:512 nr_cpumask_bits:512 nr_cpu_ids:2 nr_node_ids:1
[    0.000000] PERCPU: Embedded 34 pages/cpu @ffff88003fc00000 s99544 r8192 d31528 u1048576
[    0.000000] PV qspinlock hash table entries: 256 (order: 0, 4096 bytes)
[    0.000000] Built 1 zonelists in Node order, mobility grouping on.  Total pages: 257913
[    0.000000] Policy zone: DMA32
[    0.000000] Kernel command line: BOOT_IMAGE=/boot/vmlinuz-4.4.0-116-generic root=LABEL=cloudimg-rootfs ro console=tty1 console=ttyS0
[    0.000000] PID hash table entries: 4096 (order: 3, 32768 bytes)
[    0.000000] Memory: 1001692K/1048120K available (8530K kernel code, 1309K rwdata, 3992K rodata, 1508K init, 1316K bss, 46428K reserved, 0K cma-reserved)
[    0.000000] SLUB: HWalign=64, Order=0-3, MinObjects=0, CPUs=2, Nodes=1
[    0.000000] Kernel/User page tables isolation: enabled
[    0.000000] Hierarchical RCU implementation.
[    0.000000] 	Build-time adjustment of leaf fanout to 64.
[    0.000000] 	RCU restricting CPUs from NR_CPUS=512 to nr_cpu_ids=2.
[    0.000000] RCU: Adjusting geometry for rcu_fanout_leaf=64, nr_cpu_ids=2
[    0.000000] NR_IRQS:33024 nr_irqs:440 16
[    0.000000] Console: colour VGA+ 80x25
[    0.000000] console [tty1] enabled
[    0.000000] console [ttyS0] enabled
[    0.000000] tsc: Detected 2399.998 MHz processor
[    1.677417] Calibrating delay loop (skipped) preset value.. 4799.99 BogoMIPS (lpj=9599992)
[    1.681461] pid_max: default: 32768 minimum: 301
[    1.682960] ACPI: Core revision 20150930
[    1.685740] ACPI: 2 ACPI AML tables successfully acquired and loaded
[    1.695368] Security Framework initialized
[    1.701211] Yama: becoming mindful.
[    1.706990] AppArmor: AppArmor initialized
[    1.717738] Dentry cache hash table entries: 131072 (order: 8, 1048576 bytes)
[    1.720074] Inode-cache hash table entries: 65536 (order: 7, 524288 bytes)
[    1.723313] Mount-cache hash table entries: 2048 (order: 2, 16384 bytes)
[    1.733978] Mountpoint-cache hash table entries: 2048 (order: 2, 16384 bytes)
[    1.735495] Initializing cgroup subsys io
[    1.736418] Initializing cgroup subsys memory
[    1.740380] Initializing cgroup subsys devices
[    1.748657] Initializing cgroup subsys freezer
[    1.749631] Initializing cgroup subsys net_cls
[    1.750604] Initializing cgroup subsys perf_event
[    1.751985] Initializing cgroup subsys net_prio
[    1.754954] Initializing cgroup subsys hugetlb
[    1.755982] Initializing cgroup subsys pids
[    1.760057] CPU: Physical Processor ID: 0
[    1.762387] CPU: Processor Core ID: 0
[    1.770162] FEATURE SPEC_CTRL Not Present
[    1.774458] mce: CPU supports 0 MCE banks
[    1.777150] Last level iTLB entries: 4KB 64, 2MB 8, 4MB 8
[    1.778282] Last level dTLB entries: 4KB 64, 2MB 0, 4MB 0, 1GB 4
[    1.791386] Spectre V2 mitigation: Mitigation: Full generic retpoline
[    1.794838] Spectre V2 mitigation: Speculation control IBPB not-supported IBRS not-supported
[    1.801193] Freeing SMP alternatives memory: 32K
[    1.825757] ftrace: allocating 32186 entries in 126 pages
[    1.920005] smpboot: APIC(0) Converting physical 0 to logical package 0
[    1.932602] smpboot: Max logical packages: 1
[    1.933847] x2apic enabled
[    1.934798] Switched APIC routing to physical x2apic.
[    1.937125] ..TIMER: vector=0x30 apic1=0 pin1=2 apic2=-1 pin2=-1
[    2.044614] smpboot: CPU0: Intel(R) Core(TM) i5-6200U CPU @ 2.30GHz (family: 0x6, model: 0x4e, stepping: 0x3)
[    2.068160] Performance Events: unsupported p6 CPU model 78 no PMU driver, software events only.
[    2.070357] KVM setup paravirtual spinlock
[    2.078531] x86: Booting SMP configuration:
[    2.083650] .... node  #0, CPUs:      #1
[    2.085075] kvm-clock: cpu 1, msr 0:3ffe3041, secondary cpu clock
[    2.107686] mce: CPU supports 0 MCE banks
[    2.129780] x86: Booted up 1 node, 2 CPUs
[    2.131383] smpboot: Total of 2 processors activated (9599.99 BogoMIPS)
[    2.134010] devtmpfs: initialized
[    2.137887] evm: security.selinux
[    2.140505] evm: security.SMACK64
[    2.146965] evm: security.SMACK64EXEC
[    2.147876] evm: security.SMACK64TRANSMUTE
[    2.153554] evm: security.SMACK64MMAP
[    2.154883] evm: security.ima
[    2.155897] evm: security.capability
[    2.157274] clocksource: jiffies: mask: 0xffffffff max_cycles: 0xffffffff, max_idle_ns: 7645041785100000 ns
[    2.166609] futex hash table entries: 512 (order: 3, 32768 bytes)
[    2.167846] pinctrl core: initialized pinctrl subsystem
[    2.182237] RTC time:  5:15:25, date: 06/23/18
[    2.183911] NET: Registered protocol family 16
[    2.195882] cpuidle: using governor ladder
[    2.216002] cpuidle: using governor menu
[    2.219659] PCCT header not found.
[    2.238301] ACPI: bus type PCI registered
[    2.239324] acpiphp: ACPI Hot Plug PCI Controller Driver version: 0.5
[    2.240826] PCI: Using configuration type 1 for base access
[    2.252028] ACPI: Added _OSI(Module Device)
[    2.260028] ACPI: Added _OSI(Processor Device)
[    2.263985] ACPI: Added _OSI(3.0 _SCP Extensions)
[    2.268877] ACPI: Added _OSI(Processor Aggregator Device)
[    2.270748] ACPI: Executed 1 blocks of module-level executable AML code
[    2.275668] ACPI: Interpreter enabled
[    2.277937] ACPI: (supports S0 S5)
[    2.278771] ACPI: Using IOAPIC for interrupt routing
[    2.282092] PCI: Using host bridge windows from ACPI; if necessary, use "pci=nocrs" and report a bug
[    2.289923] ACPI: PCI Root Bridge [PCI0] (domain 0000 [bus 00-ff])
[    2.294480] acpi PNP0A03:00: _OSC: OS supports [ASPM ClockPM Segments MSI]
[    2.295830] acpi PNP0A03:00: _OSC failed (AE_NOT_FOUND); disabling ASPM
[    2.297200] acpi PNP0A03:00: fail to add MMCONFIG information, can't access extended PCI configuration space under this bridge.
[    2.305631] PCI host bridge to bus 0000:00
[    2.307990] pci_bus 0000:00: root bus resource [io  0x0000-0x0cf7 window]
[    2.315908] pci_bus 0000:00: root bus resource [io  0x0d00-0xffff window]
[    2.317666] pci_bus 0000:00: root bus resource [mem 0x000a0000-0x000bffff window]
[    2.320821] pci_bus 0000:00: root bus resource [mem 0x40000000-0xffdfffff window]
[    2.322647] pci_bus 0000:00: root bus resource [bus 00-ff]
[    2.326446] pci 0000:00:01.1: legacy IDE quirk: reg 0x10: [io  0x01f0-0x01f7]
[    2.329932] pci 0000:00:01.1: legacy IDE quirk: reg 0x14: [io  0x03f6]
[    2.334450] pci 0000:00:01.1: legacy IDE quirk: reg 0x18: [io  0x0170-0x0177]
[    2.338186] pci 0000:00:01.1: legacy IDE quirk: reg 0x1c: [io  0x0376]
[    2.367431] pci 0000:00:07.0: quirk: [io  0x4000-0x403f] claimed by PIIX4 ACPI
[    2.370809] pci 0000:00:07.0: quirk: [io  0x4100-0x410f] claimed by PIIX4 SMB
[    2.391194] ACPI: PCI Interrupt Link [LNKA] (IRQs 5 9 10 *11)
[    2.403374] ACPI: PCI Interrupt Link [LNKB] (IRQs 5 9 10 *11)
[    2.421208] ACPI: PCI Interrupt Link [LNKC] (IRQs 5 9 *10 11)
[    2.425032] ACPI: PCI Interrupt Link [LNKD] (IRQs 5 *9 10 11)
[    2.432950] ACPI: Enabled 2 GPEs in block 00 to 07
[    2.437167] vgaarb: setting as boot device: PCI:0000:00:02.0
[    2.447918] vgaarb: device added: PCI:0000:00:02.0,decodes=io+mem,owns=io+mem,locks=none
[    2.450078] vgaarb: loaded
[    2.450847] vgaarb: bridge control possible 0000:00:02.0
[    2.452165] SCSI subsystem initialized
[    2.453128] ACPI: bus type USB registered
[    2.454018] usbcore: registered new interface driver usbfs
[    2.455622] usbcore: registered new interface driver hub
[    2.457245] usbcore: registered new device driver usb
[    2.465500] PCI: Using ACPI for IRQ routing
[    2.473414] NetLabel: Initializing
[    2.478517] NetLabel:  domain hash size = 128
[    2.479943] NetLabel:  protocols = UNLABELED CIPSOv4
[    2.481186] NetLabel:  unlabeled traffic allowed by default
[    2.482430] amd_nb: Cannot enumerate AMD northbridges
[    2.484517] clocksource: Switched to clocksource kvm-clock
[    2.504663] AppArmor: AppArmor Filesystem Enabled
[    2.512370] pnp: PnP ACPI init
[    2.533900] pnp: PnP ACPI: found 3 devices
[    2.547368] clocksource: acpi_pm: mask: 0xffffff max_cycles: 0xffffff, max_idle_ns: 2085701024 ns
[    2.559983] NET: Registered protocol family 2
[    2.576821] TCP established hash table entries: 8192 (order: 4, 65536 bytes)
[    2.586978] TCP bind hash table entries: 8192 (order: 5, 131072 bytes)
[    2.594080] TCP: Hash tables configured (established 8192 bind 8192)
[    2.595911] UDP hash table entries: 512 (order: 2, 16384 bytes)
[    2.597782] UDP-Lite hash table entries: 512 (order: 2, 16384 bytes)
[    2.599149] NET: Registered protocol family 1
[    2.600113] pci 0000:00:00.0: Limiting direct PCI/PCI transfers
[    2.601324] pci 0000:00:01.0: Activating ISA DMA hang workarounds
[    2.602656] Unpacking initramfs...
[    4.702729] Freeing initrd memory: 10840K
[    4.710670] platform rtc_cmos: registered platform RTC device (no PNP device found)
[    4.723204] Scanning for low memory corruption every 60 seconds
[    4.728520] audit: initializing netlink subsys (disabled)
[    4.733755] audit: type=2000 audit(1529730930.694:1): initialized
[    4.735299] Initialise system trusted keyring
[    4.736446] HugeTLB registered 2 MB page size, pre-allocated 0 pages
[    4.743124] zbud: loaded
[    4.744612] VFS: Disk quotas dquot_6.6.0
[    4.745898] VFS: Dquot-cache hash table entries: 512 (order 0, 4096 bytes)
[    4.748145] squashfs: version 4.0 (2009/01/31) Phillip Lougher
[    4.750359] fuse init (API version 7.23)
[    4.752997] Key type big_key registered
[    4.754204] Allocating IMA MOK and blacklist keyrings.
[    4.758159] Key type asymmetric registered
[    4.761507] Asymmetric key parser 'x509' registered
[    4.767842] Block layer SCSI generic (bsg) driver version 0.4 loaded (major 249)
[    4.770452] io scheduler noop registered
[    4.773775] io scheduler deadline registered (default)
[    4.793342] io scheduler cfq registered
[    4.803586] pci_hotplug: PCI Hot Plug PCI Core version: 0.5
[    4.807562] pciehp: PCI Express Hot Plug Controller Driver version: 0.4
[    4.810465] ACPI: AC Adapter [AC] (on-line)
[    4.811498] input: Power Button as /devices/LNXSYSTM:00/LNXPWRBN:00/input/input0
[    4.813220] ACPI: Power Button [PWRF]
[    4.816338] input: Sleep Button as /devices/LNXSYSTM:00/LNXSLPBN:00/input/input1
[    4.821976] ACPI: Sleep Button [SLPF]
[    4.825088] ACPI: Battery Slot [BAT0] (battery present)
[    4.827297] GHES: HEST is not enabled!
[    4.828260] Serial: 8250/16550 driver, 32 ports, IRQ sharing enabled
[    4.852004] 00:02: ttyS0 at I/O 0x3f8 (irq = 4, base_baud = 115200) is a 16550A
[    4.857689] Linux agpgart interface v0.103
[    4.864965] loop: module loaded
[    4.873783] scsi host0: ata_piix
[    4.880398] scsi host1: ata_piix
[    4.884155] ata1: PATA max UDMA/33 cmd 0x1f0 ctl 0x3f6 bmdma 0xd000 irq 14
[    4.893667] ata2: PATA max UDMA/33 cmd 0x170 ctl 0x376 bmdma 0xd008 irq 15
[    4.897622] libphy: Fixed MDIO Bus: probed
[    4.902341] tun: Universal TUN/TAP device driver, 1.6
[    4.908043] tun: (C) 1999-2004 Max Krasnyansky <maxk@qualcomm.com>
[    4.918670] PPP generic driver version 2.4.2
[    4.921709] ehci_hcd: USB 2.0 'Enhanced' Host Controller (EHCI) Driver
[    4.951253] ehci-pci: EHCI PCI platform driver
[    4.952279] ehci-platform: EHCI generic platform driver
[    4.955303] ohci_hcd: USB 1.1 'Open' Host Controller (OHCI) Driver
[    4.956530] ohci-pci: OHCI PCI platform driver
[    4.957609] ohci-platform: OHCI generic platform driver
[    4.968145] uhci_hcd: USB Universal Host Controller Interface driver
[    4.985637] i8042: PNP: PS/2 Controller [PNP0303:PS2K,PNP0f03:PS2M] at 0x60,0x64 irq 1,12
[    4.989627] serio: i8042 KBD port at 0x60,0x64 irq 1
[    4.997759] serio: i8042 AUX port at 0x60,0x64 irq 12
[    5.000789] mousedev: PS/2 mouse device common for all mice
[    5.017647] input: AT Translated Set 2 keyboard as /devices/platform/i8042/serio0/input/input2
[    5.027025] rtc_cmos rtc_cmos: rtc core: registered rtc_cmos as rtc0
[    5.029657] rtc_cmos rtc_cmos: alarms up to one day, 114 bytes nvram
[    5.032287] i2c /dev entries driver
[    5.033309] device-mapper: uevent: version 1.0.3
[    5.038202] device-mapper: ioctl: 4.34.0-ioctl (2015-10-28) initialised: dm-devel@redhat.com
[    5.071671] ledtrig-cpu: registered to indicate activity on CPUs
[    5.081842] NET: Registered protocol family 10
[    5.108301] NET: Registered protocol family 17
[    5.126149] Key type dns_resolver registered
[    5.129886] microcode: CPU0 sig=0x406e3, pf=0x2, revision=0x0
[    5.161447] microcode: CPU1 sig=0x406e3, pf=0x2, revision=0x0
[    5.177205] microcode: Microcode Update Driver: v2.01 <tigran@aivazian.fsnet.co.uk>, Peter Oruba
[    5.203408] registered taskstats version 1
[    5.220579] Loading compiled-in X.509 certificates
[    5.223052] Loaded X.509 cert 'Build time autogenerated kernel key: aa84f01984fbd529c105810b59e379d349698248'
[    5.234106] zswap: loaded using pool lzo/zbud
[    5.237508] Key type trusted registered
[    5.265588] Key type encrypted registered
[    5.294777] AppArmor: AppArmor sha1 policy hashing enabled
[    5.301742] ima: No TPM chip found, activating TPM-bypass!
[    5.314290] evm: HMAC attrs: 0x1
[    5.315535]   Magic number: 6:974:264
[    5.317524] rtc_cmos rtc_cmos: setting system clock to 2018-06-23 05:15:28 UTC (1529730928)
[    5.332093] BIOS EDD facility v0.16 2004-Jun-25, 0 devices found
[    5.346935] EDD information not available.
[    5.349802] Freeing unused kernel memory: 1508K
[    5.362220] Write protecting the kernel read-only data: 14336k
[    5.364625] Freeing unused kernel memory: 1700K
[    5.368518] Freeing unused kernel memory: 104K
Loading, please wait...
starting version[    5.384860] random: systemd-udevd: uninitialized urandom read (16 bytes read, 5 bits of entropy available)
 229
[    5.385633] random: udevadm: uninitialized urandom read (16 bytes read, 5 bits of entropy available)
[    5.385659] random: udevadm: uninitialized urandom read (16 bytes read, 5 bits of entropy available)
[    5.398313] random: udevadm: uninitialized urandom read (16 bytes read, 5 bits of entropy available)
[    5.398366] random: udevadm: uninitialized urandom read (16 bytes read, 5 bits of entropy available)
[    5.398587] random: udevadm: uninitialized urandom read (16 bytes read, 5 bits of entropy available)
[    5.398663] random: udevadm: uninitialized urandom read (16 bytes read, 5 bits of entropy available)
[    5.398740] random: udevadm: uninitialized urandom read (16 bytes read, 5 bits of entropy available)
[    5.398814] random: udevadm: uninitialized urandom read (16 bytes read, 5 bits of entropy available)
[    5.398885] random: udevadm: uninitialized urandom read (16 bytes read, 5 bits of entropy available)
[    5.490961] e1000: Intel(R) PRO/1000 Network Driver - version 7.3.21-k8-NAPI
[    5.503507] e1000: Copyright (c) 1999-2006 Intel Corporation.
[    5.506206] Fusion MPT base driver 3.04.20
[    5.508861] Copyright (c) 1999-2008 LSI Corporation
[    5.518946] Fusion MPT SPI Host driver 3.04.20
[    5.564033] AVX version of gcm_enc/dec engaged.
[    5.565719] AES CTR mode by8 optimization enabled
[    5.708596] tsc: Refined TSC clocksource calibration: 2401.331 MHz
[    5.722708] clocksource: tsc: mask: 0xffffffffffffffff max_cycles: 0x229d20d9596, max_idle_ns: 440795268544 ns
[    5.768040] input: ImExPS/2 Generic Explorer Mouse as /devices/platform/i8042/serio1/input/input4
[    5.908983] e1000 0000:00:03.0 eth0: (PCI:33MHz:32-bit) 02:ab:3b:f0:d4:f7
[    5.916708] e1000 0000:00:03.0 eth0: Intel(R) PRO/1000 Network Connection
[    5.918793] mptbase: ioc0: Initiating bringup
[    5.919779] e1000 0000:00:03.0 enp0s3: renamed from eth0
[    5.993028] ioc0: LSI53C1030 A0: Capabilities={Initiator}
[    6.167170] scsi host2: ioc0: LSI53C1030 A0, FwRev=00000000h, Ports=1, MaxQ=256, IRQ=20
[    6.289196] scsi 2:0:0:0: Direct-Access     VBOX     HARDDISK         1.0  PQ: 0 ANSI: 5
[    6.317423] scsi target2:0:0: Beginning Domain Validation
[    6.330333] scsi target2:0:0: Domain Validation skipping write tests
[    6.334963] scsi target2:0:0: Ending Domain Validation
[    6.349859] scsi target2:0:0: asynchronous
[    6.353205] scsi 2:0:1:0: Direct-Access     VBOX     HARDDISK         1.0  PQ: 0 ANSI: 5
[    6.361212] scsi target2:0:1: Beginning Domain Validation
[    6.365873] scsi target2:0:1: Domain Validation skipping write tests
[    6.373779] scsi target2:0:1: Ending Domain Validation
[    6.376914] scsi target2:0:1: asynchronous
[    6.391956] sd 2:0:0:0: [sda] 20971520 512-byte logical blocks: (10.7 GB/10.0 GiB)
[    6.392296] sd 2:0:0:0: Attached scsi generic sg0 type 0
[    6.392934] sd 2:0:1:0: Attached scsi generic sg1 type 0
[    6.454342] sd 2:0:1:0: [sdb] 20480 512-byte logical blocks: (10.5 MB/10.0 MiB)
[    6.454441] sd 2:0:0:0: [sda] Write Protect is off
[    6.454528] sd 2:0:0:0: [sda] Incomplete mode parameter data
[    6.454530] sd 2:0:0:0: [sda] Assuming drive cache: write through
[    6.463007] sd 2:0:1:0: [sdb] Write Protect is off
[    6.463259]  sda: sda1
[    6.470491] sd 2:0:1:0: [sdb] Incomplete mode parameter data
[    6.470635] sd 2:0:0:0: [sda] Attached SCSI disk
[    6.483872] sd 2:0:1:0: [sdb] Assuming drive cache: write through
[    6.498322] sd 2:0:1:0: [sdb] Attached SCSI disk
[    8.513082] floppy0: no floppy controllers found
Begin: Loading essential drivers[    9.941180] md: linear personality registered for level -1
 ... [    9.957457] md: multipath personality registered for level -4
[    9.969792] md: raid0 personality registered for level 0
[    9.981511] md: raid1 personality registered for level 1
[   10.060955] raid6: sse2x1   gen()  6880 MB/s
[   10.136849] raid6: sse2x1   xor()  4509 MB/s
[   10.213226] raid6: sse2x2   gen()  8427 MB/s
[   10.280537] raid6: sse2x2   xor()  5424 MB/s
[   10.349001] raid6: sse2x4   gen()  9917 MB/s
[   10.424947] raid6: sse2x4   xor()  5825 MB/s
[   10.427316] raid6: using algorithm sse2x4 gen() 9917 MB/s
[   10.428499] raid6: .... xor() 5825 MB/s, rmw enabled
[   10.430041] raid6: using ssse3x2 recovery algorithm
[   10.434906] xor: automatically using best checksumming function:
[   10.480532]    avx       : 13737.000 MB/sec
[   10.490788] async_tx: api initialized (async)
[   10.502904] md: raid6 personality registered for level 6
[   10.510720] md: raid5 personality registered for level 5
[   10.518353] md: raid4 personality registered for level 4
[   10.529287] md: raid10 personality registered for level 10
done.
Begin: Running /scripts/init-premount ... done.
Begin: Mounting root file system ... Begin: Running /scripts/local-top ... done.
Begin: Running /scripts/local-premount ... [   10.582694] Btrfs loaded
Scanning for Btrfs filesystems
done.
Warning: fsck not present, so sk[   10.617694] EXT4-fs (sda1): mounted filesystem with ordered data mode. Opts: (null)
ipping root file system
done.
Begin: Running /scripts/local-bottom ... done.
Begin: Running /scripts/init-bottom ... done.
[   10.723576] systemd[1]: systemd 229 running in system mode. (+PAM +AUDIT +SELINUX +IMA +APPARMOR +SMACK +SYSVINIT +UTMP +LIBCRYPTSETUP +GCRYPT +GNUTLS +ACL +XZ -LZ4 +SECCOMP +BLKID +ELFUTILS +KMOD -IDN)
[   10.777876] systemd[1]: Detected virtualization oracle.
[   10.783827] systemd[1]: Detected architecture x86-64.

Welcome to [1mUbuntu 16.04.3 LTS[0m!

[   10.810177] systemd[1]: Set hostname to <ubuntu-xenial>.
[   11.004208] systemd[1]: Reached target Swap.
[[0;32m  OK  [0m] Reached target Swap.
[   11.030058] systemd[1]: Reached target Encrypted Volumes.
[[0;32m  OK  [0m] Reached target Encrypted Volumes.
[   11.033953] systemd[1]: Created slice System Slice.
[[0;32m  OK  [0m] Created slice System Slice.
[   11.056998] systemd[1]: Reached target User and Group Name Lookups.
[[0;32m  OK  [0m] Reached target User and Group Name Lookups.
[   11.067134] systemd[1]: Started Trigger resolvconf update for networkd DNS.
[[0;32m  OK  [0m] Started Trigger resolvconf update for networkd DNS.
[   11.070913] systemd[1]: Set up automount Arbitrary Executable File Formats File System Automount Point.
[[0;32m  OK  [0m] Set up automount Arbitrary Executab...ats File System Automount Point.
[   11.084959] systemd[1]: Started Forward Password Requests to Wall Directory Watch.
[[0;32m  OK  [0m] Started Forward Password Requests to Wall Directory Watch.
[   11.100380] systemd[1]: Created slice system-serial\x2dgetty.slice.
[[0;32m  OK  [0m] Created slice system-serial\x2dgetty.slice.
[   11.117064] systemd[1]: Listening on LVM2 poll daemon socket.
[[0;32m  OK  [0m] Listening on LVM2 poll daemon socket.
[   11.147890] systemd[1]: Listening on LVM2 metadata daemon socket.
[[0;32m  OK  [0m] Listening on LVM2 metadata daemon socket.
[   11.165202] systemd[1]: Listening on Journal Socket (/dev/log).
[[0;32m  OK  [0m] Listening on Journal Socket (/dev/log).
[   11.199326] systemd[1]: Listening on udev Kernel Socket.
[[0;32m  OK  [0m] Listening on udev Kernel Socket.
[   11.201819] systemd[1]: Listening on Journal Socket.
[[0;32m  OK  [0m] Listening on Journal Socket.
[   11.216902] systemd[1]: Starting Nameserver information manager...
         Starting Nameserver information manager...
[   11.243328] systemd[1]: Mounting Huge Pages File System...
         Mounting Huge Pages File System...
[   11.288780] systemd[1]: Starting Remount Root and Kernel File Systems...
         [   11.308788] EXT4-fs (sda1): re-mounted. Opts: (null)
Starting Remount Root and Kernel File Systems...
[   11.325996] systemd[1]: Starting Uncomplicated firewall...
         Starting Uncomplicated firewall...
[   11.348714] systemd[1]: Starting Set console keymap...
         Starting Set console keymap...
[   11.364844] systemd[1]: Listening on udev Control Socket.
[[0;32m  OK  [0m] Listening on udev Control Socket.
[   11.404467] systemd[1]: Listening on Device-mapper event daemon FIFOs.
[[0;32m  OK  [0m] Listening on Device-mapper event daemon FIFOs.
[   11.433580] systemd[1]: Starting Monitoring of LVM2 mirrors, snapshots etc. using dmeventd or progress polling...
         Starting Monitoring of LVM2 mirrors... dmeventd or progress polling...
[   11.480447] random: nonblocking pool is initialized
[   11.501193] systemd[1]: Starting Load Kernel Modules...
         Starting Load Kernel Modules...
[   11.542966] Loading iSCSI transport class v2.0-870.
[   11.543073] systemd[1]: Listening on Syslog Socket.
[[0;32m  OK  [0m] Listening on Syslog Socket.
[   11.553727] systemd[1]: Created slice User and Session Slice.
[[0;32m  OK  [0m] Created slice User and Session Slice.
[   11.567566] systemd[1]: Reached target Slices.
[[0;32m  OK  [0m] Reached target Slices.
[   11.607149] iscsi: registered transport (tcp)
[   11.629034] systemd[1]: Starting Create list of required static device nodes for the current kernel...
         Starting Create list of required[   11.656437] iscsi: registered transport (iser)
 st... nodes for the current kernel...
[   11.677832] systemd[1]: Listening on Journal Audit Socket.
[[0;32m  OK  [0m] Listening on Journal Audit Socket.
[   11.713067] systemd[1]: Starting Journal Service...
         Starting Journal Service...
[   11.742595] systemd[1]: Listening on /dev/initctl Compatibility Named Pipe.
[[0;32m  OK  [0m] Listening on /dev/initctl Compatibility Named Pipe.
[   11.753567] systemd[1]: Mounting POSIX Message Queue File System...
         Mounting POSIX Message Queue File System...
[   11.810223] systemd[1]: Mounting Debug File System...
         Mounting Debug File System...
[   11.853565] systemd[1]: Mounted POSIX Message Queue File System.
[[0;32m  OK  [0m] Mounted POSIX Message Queue File System.
[   11.875672] systemd[1]: Mounted Debug File System.
[[0;32m  OK  [0m] Mounted Debug File System.
[   11.888697] systemd[1]: Mounted Huge Pages File System.
[[0;32m  OK  [0m] Mounted Huge Pages File System.
[   11.898782] systemd[1]: Started Journal Service.
[[0;32m  OK  [0m] Started Journal Service.
[[0;32m  OK  [0m] Started Remount Root and Kernel File Systems.
[[0;32m  OK  [0m] Started Uncomplicated firewall.
[[0;32m  OK  [0m] Started Set console keymap.
[[0;32m  OK  [0m] Started Load Kernel Modules.
[[0;32m  OK  [0m] Started Create list of required sta...ce nodes for the current kernel.
[[0;32m  OK  [0m] Started Nameserver information manager.
[[0;32m  OK  [0m] Started LVM2 metadata daemon.
         Starting Create Static Device Nodes in /dev...
         Mounting FUSE Control File System...
         Starting Apply Kernel Variables...
         Starting Load/Save Random Seed...
         Starting Initial cloud-init job (pre-networking)...
         Starting udev Coldplug all Devices...
         Starting Flush Journal to Persistent Storage...
[[0;32m  OK  [0m] Mounted FUSE Control File System.
[[0;32m  OK  [0m] Started Create Static Device Nodes in /dev.
[[0;32m  OK  [0m] Started Apply Kernel Variables.
[[0;32m  OK  [0m] Started Load/Save Random Seed.
[[0;32m  OK  [0m] Started udev Coldplug all Devices.
[[0;32m  OK  [0m] Started Flush Journal to Persistent Storage.
         Starting udev Kernel Device Manager...
[[0;32m  OK  [0m] Started udev Kernel Device Manager.
[[0;32m  OK  [0m] Started Dispatch Password Requests to Console Directory Watch.
[[0;32m  OK  [0m] Started Monitoring of LVM2 mirrors,...ng dmeventd or progress polling.
[[0;32m  OK  [0m] Reached target Local File Systems (Pre).
[[0;32m  OK  [0m] Reached target Local File Systems.
         Starting Set console font and keymap...
         Starting Tell Plymouth To Write Out Runtime Data...
         Starting Create Volatile Files and Directories...
         Starting LSB: AppArmor initialization...
[[0;32m  OK  [0m] Started Tell Plymouth To Write Out Runtime Data.
[[0;32m  OK  [0m] Started Create Volatile Files and Directories.
[[0;32m  OK  [0m] Reached target System Time Synchronized.
         Starting Update UTMP about System Boot/Shutdown...
[[0;32m  OK  [0m] Started Update UTMP about System Boot/Shutdown.
[[0;32m  OK  [0m] Found device /dev/ttyS0.
[[0;32m  OK  [0m] Started LSB: AppArmor initialization.
[[0;32m  OK  [0m] Listening on Load/Save RF Kill Switch Status /dev/rfkill Watch.
[[0;32m  OK  [0m] Started Set console font and keymap.
[[0;32m  OK  [0m] Created slice system-getty.slice.
[   11.748616] cloud-init[448]: Cloud-init v. 17.1 running 'init-local' at Sat, 23 Jun 2018 05:15:36 +0000. Up 11.29 seconds.
[[0;32m  OK  [0m] Found device 82540EM Gigabit Ethern...r (PRO/1000 MT Desktop Adapter).
[[0;32m  OK  [0m] Started Initial cloud-init job (pre-networking).
[[0;32m  OK  [0m] Reached target Network (Pre).
[[0;32m  OK  [0m] Started ifup for enp0s3.
         Starting Raise network interfaces...
[[0;32m  OK  [0m] Started Raise network interfaces.
[[0;32m  OK  [0m] Reached target Network.
         Starting Initial cloud-init job (metadata service crawler)...
[   14.561709] cloud-init[963]: Cloud-init v. 17.1 running 'init' at Sat, 23 Jun 2018 05:15:39 +0000. Up 14.16 seconds.
[   14.567464] cloud-init[963]: ci-info: +++++++++++++++++++++++++++++++++++++Net device info++++++++++++++++++++++++++++++++++++++
[   14.572958] cloud-init[963]: ci-info: +--------+------+----------------------------+---------------+-------+-------------------+
[   14.676701] cloud-init[963]: ci-info: | Device |  Up  |          Address           |      Mask     | Scope |     Hw-Address    |
[   14.677048] cloud-init[963]: ci-info: +--------+------+----------------------------+---------------+-------+-------------------+
[[0;32m  OK  [0m] Started Initial cloud-init job (metadata service crawler).
[   14.677213] cloud-init[963]: ci-info: | enp0s3 | True |         10.0.2.15          | 255.255.255.0 |   .   | 02:ab:3b:f0:d4:f7 |
[   14.688338] cloud-init[963]: ci-info: | enp0s3 | True | fe80::ab:3bff:fef0:d4f7/64 |       .       |  link | 02:ab:3b:f0:d4:f7 |
[   14.688621] cloud-init[963]: ci-info: |   lo   | True |         127.0.0.1          |   255.0.0.0   |   .   |         .         |
[   14.688789] cloud-init[963]: ci-info: |   lo   | True |          ::1/128           |       .       |  host |         .         |
[   14.688967] cloud-init[963]: ci-info: +--------+------+----------------------------+---------------+-------+-------------------+
[   14.689129] cloud-init[963]: ci-info: +++++++++++++++++++++++++++Route IPv4 info++++++++++++++++++++++++++++
[   14.689291] cloud-init[963]: ci-info: +-------+-------------+----------+---------------+-----------+-------+
[   14.689444] cloud-init[963]: ci-info: | Route | Destination | Gateway  |    Genmask    | Interface | Flags |
[   14.689601] cloud-init[963]: ci-info: +-------+-------------+----------+---------------+-----------+-------+
[[0;32m  OK  [0m] Reached target Network is Online.
[   14.689809] cloud-init[963]: ci-info: |   0   |   0.0.0.0   | 10.0.2.2 |    0.0.0.0    |   enp0s3  |   UG  |
[   14.743546] cloud-init[963]: ci-info: |   1   |   10.0.2.0  | 0.0.0.0  | 255.255.255.0 |   enp0s3  |   U   |
[   14.748692] cloud-init[963]: ci-info: +-------+-------------+----------+---------------+-----------+-------+
         Starting iSCSI initiator daemon (iscsid)...
[[0;32m  OK  [0m] Reached target Cloud-config availability.
[[0;32m  OK  [0m] Reached target System Initialization.
[[0;32m  OK  [0m] Listening on UUID daemon activation socket.
[[0;32m  OK  [0m] Listening on D-Bus System Message Bus Socket.
         Starting LXD - unix socket.
         Starting Socket activation for snappy daemon.
[[0;32m  OK  [0m] Started Daily apt download activities.
[[0;32m  OK  [0m] Started Daily apt upgrade and clean activities.
[[0;32m  OK  [0m] Listening on ACPID Listen Socket.
[[0;32m  OK  [0m] Started Timer to automatically refresh installed snaps.
[[0;32m  OK  [0m] Started Daily Cleanup of Temporary Directories.
[[0;32m  OK  [0m] Reached target Timers.
[[0;32m  OK  [0m] Started ACPI Events Check.
[[0;32m  OK  [0m] Reached target Paths.
[[0;32m  OK  [0m] Listening on LXD - unix socket.
[[0;32m  OK  [0m] Listening on Socket activation for snappy daemon.
[[0;32m  OK  [0m] Started iSCSI initiator daemon (iscsid).
         Starting Login to default iSCSI targets...
[[0;32m  OK  [0m] Reached target Sockets.
[[0;32m  OK  [0m] Reached target Basic System.
         Starting /etc/rc.local Compatibility...
         Starting MySQL Community Server...
         Starting Accounts Service...
         Starting LSB: MD monitoring daemon...
         Starting LXD - container startup/shutdown...
[[0;32m  OK  [0m] Started D-Bus System Message Bus.
         Starting LSB: Record successful boot for GRUB...
         Starting System Logging Service...
[[0;32m  OK  [0m] Started Unattended Upgrades Shutdown.
         Starting Apply the settings specified in cloud-config...
[[0;32m  OK  [0m] Started Regular background program processing daemon.
[[0;32m  OK  [0m] Started Deferred execution scheduler.
[[0;32m  OK  [0m] Started ACPI event daemon.
[[0;32m  OK  [0m] Started FUSE filesystem for LXC.
         Starting Login Service...
         Starting Snappy daemon...
         Starting OpenBSD Secure Shell server...
[[0;32m  OK  [0m] Started System Logging Service.
[[0;32m  OK  [0m] Started /etc/rc.local Compatibility.
[[0;32m  OK  [0m] Started LXD - container startup/shutdown.
[[0;32m  OK  [0m] Started OpenBSD Secure Shell server.
[[0;32m  OK  [0m] Started Snappy daemon.
[[0;32m  OK  [0m] Started Login to default iSCSI targets.
[[0;32m  OK  [0m] Started LSB: MD monitoring daemon.
[[0;32m  OK  [0m] Started LSB: Record successful boot for GRUB.
         Starting Authenticate and Authorize Users to Run Privileged Tasks...
[[0;32m  OK  [0m] Reached target Remote File Systems (Pre).
[[0;32m  OK  [0m] Reached target Remote File Systems.
         Starting LSB: VirtualBox Linux Additions...
         Starting LSB: Set the CPU Frequency Scaling governor to "ondemand"...
         Starting Permit User Sessions...
         Starting LSB: Apache2 web server...
         Starting LSB: automatic crash report generation...
         Starting LSB: daemon to balance interrupts for SMP systems...
[[0;32m  OK  [0m] Started Permit User Sessions.
[[0;32m  OK  [0m] Started Login Service.
[[0;32m  OK  [0m] Started Authenticate and Authorize Users to Run Privileged Tasks.
[[0;32m  OK  [0m] Started Accounts Service.
[[0;32m  OK  [0m] Started LSB: Set the CPU Frequency Scaling governor to "ondemand".
         Starting Hold until boot process finishes up...
         Starting Terminate Plymouth Boot Screen...
[[0;32m  OK  [0m] Started Hold until boot process finishes up.
[[0;32m  OK  [0m] Started LSB: automatic crash report generation.
[[0;32m  OK  [0m] Started Terminate Plymouth Boot Screen.
[   15.837510] cloud-init[1057]: Cloud-init v. 17.1 running 'modules:config' at Sat, 23 Jun 2018 05:15:40 +0000. Up 15.51 seconds.
[[0;32m  OK  [0m] Started LSB: daemon to balance interrupts for SMP systems.
[[0;32m  OK  [0m] Started LSB: VirtualBox Linux Additions.
[[0;32m  OK  [0m] Started Getty on tty1.
         Starting Set console scheme...
[[0;32m  OK  [0m] Started Serial Getty on ttyS0.
[[0;32m  OK  [0m] Reached target Login Prompts.
[[0;32m  OK  [0m] Started Set console scheme.
[[0;32m  OK  [0m] Started Apply the settings specified in cloud-config.
[[0;32m  OK  [0m] Started MySQL Community Server.
[[0;32m  OK  [0m] Started LSB: Apache2 web server.
[[0;32m  OK  [0m] Reached target Multi-User System.
[[0;32m  OK  [0m] Reached target Graphical Interface.
         Starting Update UTMP about System Runlevel Changes...
         Starting Execute cloud user/final scripts...
[[0;32m  OK  [0m] Started Update UTMP about System Runlevel Changes.
[   17.858700] cloud-init[1266]: Cloud-init v. 17.1 running 'modules:final' at Sat, 23 Jun 2018 05:15:42 +0000. Up 17.67 seconds.
[   17.866041] cloud-init[1266]: Cloud-init v. 17.1 finished at Sat, 23 Jun 2018 05:15:43 +0000. Datasource DataSourceNoCloud [seed=/dev/sdb][dsmode=net].  Up 17.85 seconds
[[0;32m  OK  [0m] Started Execute cloud user/final scripts.
         Starting Daily apt download activities...
[[0;32m  OK  [0m] Reached target Cloud-init target.

Ubuntu 16.04.3 LTS ubuntu-xenial ttyS0

ubuntu-xenial login: [[0;32m  OK  [0m] Started ACPI event daemon.
[[0;32m  OK  [0m] Started ACPI event daemon.
[[0;32m  OK  [0m] Started ACPI event daemon.
         Stopping LSB: Apache2 web server...
[[0;32m  OK  [0m] Stopped LSB: Apache2 web server.
[[0;32m  OK  [0m] Started ACPI event daemon.
[[0;32m  OK  [0m] Started ACPI event daemon.
[[0;32m  OK  [0m] Started ACPI event daemon.
         Stopping MySQL Community Server...
[[0;32m  OK  [0m] Stopped MySQL Community Server.
[[0;32m  OK  [0m] Started ACPI event daemon.
[[0;32m  OK  [0m] Stopped MySQL Community Server.
[[0;32m  OK  [0m] Started ACPI event daemon.
[[0;32m  OK  [0m] Started ACPI event daemon.
[[0;32m  OK  [0m] Closed Unix socket for apport crash forwarding.
[[0;32m  OK  [0m] Started ACPI event daemon.
         Stopping LSB: automatic crash report generation...
[[0;32m  OK  [0m] Stopped LSB: automatic crash report generation.
[[0;32m  OK  [0m] Started ACPI event daemon.
[[0;32m  OK  [0m] Started ACPI event daemon.
[[0;32m  OK  [0m] Started ACPI event daemon.
[[0;32m  OK  [0m] Started ACPI event daemon.
[[0;32m  OK  [0m] Started ACPI event daemon.
[[0;32m  OK  [0m] Started ACPI event daemon.
[[0;32m  OK  [0m] Started ACPI event daemon.
         Starting LSB: Apache2 web server...
[[0;32m  OK  [0m] Started LSB: Apache2 web server.
[[0;32m  OK  [0m] Started ACPI event daemon.
[[0;32m  OK  [0m] Stopped MySQL Community Server.
[[0;32m  OK  [0m] Started ACPI event daemon.
[[0;32m  OK  [0m] Started ACPI event daemon.
         Starting MySQL Community Server...
[[0;32m  OK  [0m] Started MySQL Community Server.
[[0;32m  OK  [0m] Started ACPI event daemon.
         Stopping MySQL Community Server...
[[0;32m  OK  [0m] Stopped MySQL Community Server.
         Starting MySQL Community Server...
[[0;32m  OK  [0m] Started MySQL Community Server.
[[0;32m  OK  [0m] Started ACPI event daemon.
[[0;32m  OK  [0m] Started ACPI event daemon.
         Starting LSB: automatic crash report generation...
[[0;32m  OK  [0m] Started LSB: automatic crash report generation.
[[0;32m  OK  [0m] Started ACPI event daemon.
[[0;32m  OK  [0m] Started ACPI event daemon.
         Stopping LSB: Apache2 web server...
[[0;32m  OK  [0m] Stopped LSB: Apache2 web server.
         Starting LSB: Apache2 web server...
[[0;32m  OK  [0m] Started LSB: Apache2 web server.
[[0;32m  OK  [0m] Started Daily apt upgrade and clean activities.
